1528909896371	geckodriver	INFO	geckodriver 0.19.1
1528909896379	geckodriver	INFO	Listening on 127.0.0.1:30148
1528909896915	mozrunner::runner	INFO	Running command: "C:\\Program Files\\Mozilla Firefox\\firefox.exe" "-marionette" "-profile" "C:\\Users\\E032651\\AppData\\Local\\Temp\\rust_mozprofile.8un53lYK9hr0"
Unable to read VR Path Registry from C:\Users\E032651\AppData\Local\openvr\openvrpaths.vrpath
1528909898070	Marionette	INFO	Enabled via --marionette
Unable to read VR Path Registry from C:\Users\E032651\AppData\Local\openvr\openvrpaths.vrpath
Unable to read VR Path Registry from C:\Users\E032651\AppData\Local\openvr\openvrpaths.vrpath
Unable to read VR Path Registry from C:\Users\E032651\AppData\Local\openvr\openvrpaths.vrpath
1528909899964	Marionette	INFO	Listening on port 30155
1528909900118	Marionette	WARN	TLS certificate errors will be ignored for this session
Unable to read VR Path Registry from C:\Users\E032651\AppData\Local\openvr\openvrpaths.vrpath
[Child 10700, Chrome_ChildThread] WARNING: pipe error: 109: file z:/build/build/src/ipc/chromium/src/chrome/common/ipc_channel_win.cc, line 346
[Child 20804, Chrome_ChildThread] WARNING: pipe error: 109: file z:/build/build/src/ipc/chromium/src/chrome/common/ipc_channel_win.cc, line 346
[Child 20804, Chrome_1528909923604	addons.productaddons	WARN	Failed downloading via XHR, status: 0, reason: error
*** UTM:SVC TimerManager:registerTimer called after profile-before-change notification. Ignoring timer registration for id: telemetry_modules_ping

###!!! [Child][MessageChannel::SendAndWait] Error: Channel error: cannot send/recv

1528909957913	geckodriver	INFO	geckodriver 0.19.1
1528909957922	geckodriver	INFO	Listening on 127.0.0.1:30270
1528909958506	mozrunner::runner	INFO	Running command: "C:\\Program Files\\Mozilla Firefox\\firefox.exe" "-marionette" "-profile" "C:\\Users\\E032651\\AppData\\Local\\Temp\\rust_mozprofile.mo8pBHJBdPZE"
Unable to read VR Path Registry from C:\Users\E032651\AppData\Local\openvr\openvrpaths.vrpath
1528909959420	Marionette	INFO	Enabled via --marionette
Unable to read VR Path Registry from C:\Users\E032651\AppData\Local\openvr\openvrpaths.vrpath
Unable to read VR Path Registry from C:\Users\E032651\AppData\Local\openvr\openvrpaths.vrpath
Unable to read VR Path Registry from C:\Users\E032651\AppData\Local\openvr\openvrpaths.vrpath
1528909961376	Marionette	INFO	Listening on port 30277
Unable to read VR Path Registry from C:\Users\E032651\AppData\Local\openvr\openvrpaths.vrpath
1528909961658	Marionette	WARN	TLS certificate errors will be ignored for this session
[Parent 19208, Gecko_IOThread] WARNING: pipe error: 109: file z:/build/build/src/ipc/chromium/src/chrome/common/ipc_channel_win.cc, line 346
*** UTM:SVC TimerManager:registerTimer called after profile-before-change notification. Ignoring timer registration for id: telemetry_modules_ping

###!!! [Child][MessageChannel::SendAndWait] Error: Channel error: cannot send/recv

1528910360658	geckodriver	INFO	geckodriver 0.19.1
1528910360669	geckodriver	INFO	Listening on 127.0.0.1:30860
1528910361201	mozrunner::runner	INFO	Running command: "C:\\Program Files\\Mozilla Firefox\\firefox.exe" "-marionette" "-profile" "C:\\Users\\E032651\\AppData\\Local\\Temp\\rust_mozprofile.567qRF66p9Uz"
Unable to read VR Path Registry from C:\Users\E032651\AppData\Local\openvr\openvrpaths.vrpath
1528910362118	Marionette	INFO	Enabled via --marionette
Unable to read VR Path Registry from C:\Users\E032651\AppData\Local\openvr\openvrpaths.vrpath
Unable to read VR Path Registry from C:\Users\E032651\AppData\Local\openvr\openvrpaths.vrpath
Unable to read VR Path Registry from C:\Users\E032651\AppData\Local\openvr\openvrpaths.vrpath
1528910364014	Marionette	INFO	Listening on port 30865
Unable to read VR Path Registry from C:\Users\E032651\AppData\Local\openvr\openvrpaths.vrpath
1528910364348	Marionette	WARN	TLS certificate errors will be ignored for this session
1528910364452	addons.xpi	WARN	Exception running bootstrap method shutdown on activity-stream@mozilla.org: [Exception... "Component returned failure code: 0x80004005 (NS_ERROR_FAILURE) [nsIObserverService.removeObserver]"  nsresult: "0x80004005 (NS_ERROR_FAILURE)"  location: "JS frame :: resource://activity-stream/lib/SnippetsFeed.jsm :: uninit :: line 125"  data: no] Stack trace: uninit()@resource://activity-stream/lib/SnippetsFeed.jsm:125 < onAction()@resource://activity-stream/lib/SnippetsFeed.jsm:141 < _middleware/</<()@resource://activity-stream/lib/Store.jsm:51 < Store/this[method]()@resource://activity-stream/lib/Store.jsm:30 < uninit()@resource://activity-stream/lib/Store.jsm:153 < uninit()@resource://activity-stream/lib/ActivityStream.jsm:274 < uninit()@resource://gre/modules/addons/XPIProvider.jsm -> jar:file:///C:/Program%20Files/Mozilla%20Firefox/browser/features/activity-stream@mozilla.org.xpi!/bootstrap.js:80 < shutdown()@resource://gre/modules/addons/XPIProvider.jsm -> jar:file:///C:/Program%20Files/Mozilla%20Firefox/browser/features/activity-stream@mozilla.org.xpi!/bootstrap.js:196 < callBootstrapMethod()@resource://gre/modules/addons/XPIProvider.jsm:4419 < observe()@resource://gre/modules/addons/XPIProvider.jsm:2279 < GeckoDriver.prototype.quit()@driver.js:3270 < despatch()@server.js:557 < execute()@server.js:531 < onPacket/<()@server.js:506 < onPacket()@server.js:505 < _onJSONObjectReady/<()@transport.js:500
[GFX1-]: Receive IPC close with reason=AbnormalShutdown
[Child 1920, Chrome_ChildThread] WARNING: pipe error: 232: file z:/build/build/src/ipc/chromium/src/chrome/1528910502041	geckodriver	INFO	geckodriver 0.19.1
1528910502049	geckodriver	INFO	Listening on 127.0.0.1:31083
1528910502577	mozrunner::runner	INFO	Running command: "C:\\Program Files\\Mozilla Firefox\\firefox.exe" "-marionette" "-profile" "C:\\Users\\E032651\\AppData\\Local\\Temp\\rust_mozprofile.8KwWj7lkNVTG"
Unable to read VR Path Registry from C:\Users\E032651\AppData\Local\openvr\openvrpaths.vrpath
1528910503522	Marionette	INFO	Enabled via --marionette
Unable to read VR Path Registry from C:\Users\E032651\AppData\Local\openvr\openvrpaths.vrpath
Unable to read VR Path Registry from C:\Users\E032651\AppData\Local\openvr\openvrpaths.vrpath
Unable to read VR Path Registry from C:\Users\E032651\AppData\Local\openvr\openvrpaths.vrpath
1528910505230	Marionette	INFO	Listening on port 31088
1528910505268	Marionette	WARN	TLS certificate errors will be ignored for this session
Unable to read VR Path Registry from C:\Users\E032651\AppData\Local\openvr\openvrpaths.vrpath
1528910505858	addons.xpi	WARN	Exception running bootstrap method shutdown on activity-stream@mozilla.org: [Exception... "Component returned failure code: 0x80004005 (NS_ERROR_FAILURE) [nsIObserverService.removeObserver]"  nsresult: "0x80004005 (NS_ERROR_FAILURE)"  location: "JS frame :: resource://activity-stream/lib/SnippetsFeed.jsm :: uninit :: line 125"  data: no] Stack trace: uninit()@resource://activity-stream/lib/SnippetsFeed.jsm:125 < onAction()@resource://activity-stream/lib/SnippetsFeed.jsm:141 < _middleware/</<()@resource://activity-stream/lib/Store.jsm:51 < Store/this[method]()@resource://activity-stream/lib/Store.jsm:30 < uninit()@resource://activity-stream/lib/Store.jsm:153 < uninit()@resource://activity-stream/lib/ActivityStream.jsm:274 < uninit()@resource://gre/modules/addons/XPIProvider.jsm -> jar:file:///C:/Program%20Files/Mozilla%20Firefox/browser/features/activity-stream@mozilla.org.xpi!/bootstrap.js:80 < shutdown()@resource://gre/modules/addons/XPIProvider.jsm -> jar:file:///C:/Program%20Files/Mozilla%20Firefox/browser/features/activity-stream@mozilla.org.xpi!/bootstrap.js:196 < callBootstrapMethod()@resource://gre/modules/addons/XPIProvider.jsm:4419 < observe()@resource://gre/modules/addons/XPIProvider.jsm:2279 < GeckoDriver.prototype.quit()@driver.js:3270 < despatch()@server.js:557 < execute()@server.js:531 < onPacket/<()@server.js:506 < onPacket()@server.js:505 < _onJSONObjectReady/<()@transport.js:500
1528910657539	geckodriver	INFO	geckodriver 0.19.1
1528910657548	geckodriver	INFO	Listening on 127.0.0.1:31326
1528910658127	mozrunner::runner	INFO	Running command: "C:\\Program Files\\Mozilla Firefox\\firefox.exe" "-marionette" "-profile" "C:\\Users\\E032651\\AppData\\Local\\Temp\\rust_mozprofile.mRDmexyyflal"
Unable to read VR Path Registry from C:\Users\E032651\AppData\Local\openvr\openvrpaths.vrpath
1528910659040	Marionette	INFO	Enabled via --marionette
Unable to read VR Path Registry from C:\Users\E032651\AppData\Local\openvr\openvrpaths.vrpath
Unable to read VR Path Registry from C:\Users\E032651\AppData\Local\openvr\openvrpaths.vrpath
Unable to read VR Path Registry from C:\Users\E032651\AppData\Local\openvr\openvrpaths.vrpath
1528910661004	Marionette	INFO	Listening on port 31331
Unable to read VR Path Registry from C:\Users\E032651\AppData\Local\openvr\openvrpaths.vrpath
1528910661288	Marionette	WARN	TLS certificate errors will be ignored for this session
[Parent 15024, Gecko_IOThread] WARNING: pipe error: 109: file z:/build/build/src/ipc/chromium/src/chrome/common/ipc_channel_win.cc, line 346
[Child 1480, Chrome_ChildThread] WARNING: pipe error: 109: file z:/build/build/src/ipc/chromium/src/chrome/common/ipc_channel_win.cc, line 346
[GFX1-]: Receive IPC close with reason=AbnormalShutdown
1528914424515	geckodriver	INFO	geckodriver 0.19.1
1528914424524	geckodriver	INFO	Listening on 127.0.0.1:36852
1528914425054	mozrunner::runner	INFO	Running command: "C:\\Program Files\\Mozilla Firefox\\firefox.exe" "-marionette" "-profile" "C:\\Users\\E032651\\AppData\\Local\\Temp\\rust_mozprofile.MpPRbZpirpTu"
Unable to read VR Path Registry from C:\Users\E032651\AppData\Local\openvr\openvrpaths.vrpath
1528914425958	Marionette	INFO	Enabled via --marionette
Unable to read VR Path Registry from C:\Users\E032651\AppData\Local\openvr\openvrpaths.vrpath
Unable to read VR Path Registry from C:\Users\E032651\AppData\Local\openvr\openvrpaths.vrpath
Unable to read VR Path Registry from C:\Users\E032651\AppData\Local\openvr\openvrpaths.vrpath
1528914427776	Marionette	INFO	Listening on port 36859
Unable to read VR Path Registry from C:\Users\E032651\AppData\Local\openvr\openvrpaths.vrpath
1528914428200	Marionette	WARN	TLS certificate errors will be ignored for this session
1528914454547	geckodriver	INFO	geckodriver 0.19.1
1528914454559	geckodriver	INFO	Listening on 127.0.0.1:36929
1528914455105	mozrunner::runner	INFO	Running command: "C:\\Program Files\\Mozilla Firefox\\firefox.exe" "-marionette" "-profile" "C:\\Users\\E032651\\AppData\\Local\\Temp\\rust_mozprofile.bxZEC5LIRVj5"
Unable to read VR Path Registry from C:\Users\E032651\AppData\Local\openvr\openvrpaths.vrpath
1528914456010	Marionette	INFO	Enabled via --marionette
Unable to read VR Path Registry from C:\Users\E032651\AppData\Local\openvr\openvrpaths.vrpath
Unable to read VR Path Registry from C:\Users\E032651\AppData\Local\openvr\openvrpaths.vrpath
Unable to read VR Path Registry from C:\Users\E032651\AppData\Local\openvr\openvrpaths.vrpath
1528914457848	Marionette	INFO	Listening on port 36936
Unable to read VR Path Registry from C:\Users\E032651\AppData\Local\openvr\openvrpaths.vrpath
1528914458250	Marionette	WARN	TLS certificate errors will be ignored for this session
1528914543487	geckodriver	INFO	geckodriver 0.19.1
1528914543497	geckodriver	INFO	Listening on 127.0.0.1:37097
1528914544016	mozrunner::runner	INFO	Running command: "C:\\Program Files\\Mozilla Firefox\\firefox.exe" "-marionette" "-profile" "C:\\Users\\E032651\\AppData\\Local\\Temp\\rust_mozprofile.RwTRA9aazD9b"
Unable to read VR Path Registry from C:\Users\E032651\AppData\Local\openvr\openvrpaths.vrpath
1528914544876	Marionette	INFO	Enabled via --marionette
Unable to read VR Path Registry from C:\Users\E032651\AppData\Local\openvr\openvrpaths.vrpath
Unable to read VR Path Registry from C:\Users\E032651\AppData\Local\openvr\openvrpaths.vrpath
Unable to read VR Path Registry from C:\Users\E032651\AppData\Local\openvr\openvrpaths.vrpath
1528914546612	Marionette	INFO	Listening on port 37104
1528914546682	Marionette	WARN	TLS certificate errors will be ignored for this session
Unable to read VR Path Registry from C:\Users\E032651\AppData\Local\openvr\openvrpaths.vrpath
[GFX1-]: Receive IPC close with reason=AbnormalShutdown
[GFX1-]: Receive IPC close with reason=AbnormalShutdown
[GFX1-]: Receive IPC close with reason=AbnormalShutdown
1528914613813	geckodriver	INFO	geckodriver 0.19.1
1528914613823	geckodriver	INFO	Listening on 127.0.0.1:37238
1528914614350	mozrunner::runner	INFO	Running command: "C:\\Program Files\\Mozilla Firefox\\firefox.exe" "-marionette" "-profile" "C:\\Users\\E032651\\AppData\\Local\\Temp\\rust_mozprofile.6da88pBQwDUM"
Unable to read VR Path Registry from C:\Users\E032651\AppData\Local\openvr\openvrpaths.vrpath
1528914615294	Marionette	INFO	Enabled via --marionette
Unable to read VR Path Registry from C:\Users\E032651\AppData\Local\openvr\openvrpaths.vrpath
Unable to read VR Path Registry from C:\Users\E032651\AppData\Local\openvr\openvrpaths.vrpath
Unable to read VR Path Registry from C:\Users\E032651\AppData\Local\openvr\openvrpaths.vrpath
1528914617434	Marionette	INFO	Listening on port 37245
1528914617514	Marionette	WARN	TLS certificate errors will be ignored for this session
Unable to read VR Path Registry from C:\Users\E032651\AppData\Local\openvr\openvrpaths.vrpath
1528916505857	geckodriver	INFO	geckodriver 0.19.1
1528916505872	geckodriver	INFO	Listening on 127.0.0.1:40110
1528916506376	mozrunner::runner	INFO	Running command: "C:\\Program Files\\Mozilla Firefox\\firefox.exe" "-marionette" "-profile" "C:\\Users\\E032651\\AppData\\Local\\Temp\\rust_mozprofile.D8CCtwg2hPJX"
Unable to read VR Path Registry from C:\Users\E032651\AppData\Local\openvr\openvrpaths.vrpath
1528916507730	Marionette	INFO	Enabled via --marionette
Unable to read VR Path Registry from C:\Users\E032651\AppData\Local\openvr\openvrpaths.vrpath
Unable to read VR Path Registry from C:\Users\E032651\AppData\Local\openvr\openvrpaths.vrpath
Unable to read VR Path Registry from C:\Users\E032651\AppData\Local\openvr\openvrpaths.vrpath
1528916510584	Marionette	INFO	Listening on port 40115
1528916510694	Marionette	WARN	TLS certificate errors will be ignored for this session
Unable to read VR Path Registry from C:\Users\E032651\AppData\Local\openvr\openvrpaths.vrpath
1528917497598	geckodriver	INFO	geckodriver 0.19.1
1528917497613	geckodriver	INFO	Listening on 127.0.0.1:41552
1528917498075	mozrunner::runner	INFO	Running command: "C:\\Program Files\\Mozilla Firefox\\firefox.exe" "-marionette" "-profile" "C:\\Users\\E032651\\AppData\\Local\\Temp\\rust_mozprofile.guJ1OeSSBWkp"
Unable to read VR Path Registry from C:\Users\E032651\AppData\Local\openvr\openvrpaths.vrpath
1528917499740	Marionette	INFO	Enabled via --marionette
Unable to read VR Path Registry from C:\Users\E032651\AppData\Local\openvr\openvrpaths.vrpath
Unable to read VR Path Registry from C:\Users\E032651\AppData\Local\openvr\openvrpaths.vrpath
Unable to read VR Path Registry from C:\Users\E032651\AppData\Local\openvr\openvrpaths.vrpath
1528917502688	Marionette	INFO	Listening on port 41557
1528917502944	Marionette	WARN	TLS certificate errors will be ignored for this session
Unable to read VR Path Registry from C:\Users\E032651\AppData\Local\openvr\openvrpaths.vrpath
[Child 9912, Chrome_ChildThread] WARNING: pipe error: 109: file z:/build/build/src/ipc/chromium/src/chrome/common/ipc_channel_win.cc, line 346
1528917706300	geckodriver	INFO	geckodriver 0.19.1
1528917706312	geckodriver	INFO	Listening on 127.0.0.1:41886
1528917706819	mozrunner::runner	INFO	Running command: "C:\\Program Files\\Mozilla Firefox\\firefox.exe" "-marionette" "-profile" "C:\\Users\\E032651\\AppData\\Local\\Temp\\rust_mozprofile.vNgIO0iKngpZ"
Unable to read VR Path Registry from C:\Users\E032651\AppData\Local\openvr\openvrpaths.vrpath
1528917708182	Marionette	INFO	Enabled via --marionette
Unable to read VR Path Registry from C:\Users\E032651\AppData\Local\openvr\openvrpaths.vrpath
Unable to read VR Path Registry from C:\Users\E032651\AppData\Local\openvr\openvrpaths.vrpath
Unable to read VR Path Registry from C:\Users\E032651\AppData\Local\openvr\openvrpaths.vrpath
1528917711218	Marionette	INFO	Listening on port 41893
1528917711592	Marionette	WARN	TLS certificate errors will be ignored for this session
Unable to read VR Path Registry from C:\Users\E032651\AppData\Local\openvr\openvrpaths.vrpath
[Parent 11860, Gecko_IOThread] WARNING: pipe error: 109: file z:/build/build/src/ipc/chromium/src/chrome/common/ipc_channel_win.cc, line 346
[Child 14720, Chrome_ChildThread] WARNING: pipe error: 109: file z:/build/build/src/ipc/chromium/src/chrome/common/ipc_channel_win.cc, line 346
1528918062008	geckodriver	INFO	geckodriver 0.19.1
1528918062024	geckodriver	INFO	Listening on 127.0.0.1:42415
1528918062559	mozrunner::runner	INFO	Running command: "C:\\Program Files\\Mozilla Firefox\\firefox.exe" "-marionette" "-profile" "C:\\Users\\E032651\\AppData\\Local\\Temp\\rust_mozprofile.OqruvIQBXOOr"
Unable to read VR Path Registry from C:\Users\E032651\AppData\Local\openvr\openvrpaths.vrpath
1528918064028	Marionette	INFO	Enabled via --marionette
Unable to read VR Path Registry from C:\Users\E032651\AppData\Local\openvr\openvrpaths.vrpath
Unable to read VR Path Registry from C:\Users\E032651\AppData\Local\openvr\openvrpaths.vrpath
Unable to read VR Path Registry from C:\Users\E032651\AppData\Local\openvr\openvrpaths.vrpath
1528918067006	Marionette	INFO	Listening on port 42420
1528918067488	Marionette	WARN	TLS certificate errors will be ignored for this session
Unable to read VR Path Registry from C:\Users\E032651\AppData\Local\openvr\openvrpaths.vrpath
[Child 16132, Chrome_ChildThread] WARNING: pipe error: 109: file z:/build/build/src/ipc/chromium/src/chrome/common/ipc_channel_win.cc, line 346
[Child 16132, Chro1528918099264	geckodriver	INFO	geckodriver 0.19.1
1528918099278	geckodriver	INFO	Listening on 127.0.0.1:42504
1528918099817	mozrunner::runner	INFO	Running command: "C:\\Program Files\\Mozilla Firefox\\firefox.exe" "-marionette" "-profile" "C:\\Users\\E032651\\AppData\\Local\\Temp\\rust_mozprofile.ECgWbNi5hKGG"
Unable to read VR Path Registry from C:\Users\E032651\AppData\Local\openvr\openvrpaths.vrpath
1528918101246	Marionette	INFO	Enabled via --marionette
Unable to read VR Path Registry from C:\Users\E032651\AppData\Local\openvr\openvrpaths.vrpath
Unable to read VR Path Registry from C:\Users\E032651\AppData\Local\openvr\openvrpaths.vrpath
Unable to read VR Path Registry from C:\Users\E032651\AppData\Local\openvr\openvrpaths.vrpath
1528918104040	Marionette	INFO	Listening on port 42511
1528918104094	Marionette	WARN	TLS certificate errors will be ignored for this session
Unable to read VR Path Registry from C:\Users\E032651\AppData\Local\openvr\openvrpaths.vrpath
[GFX1-]: Receive IPC close with reason=AbnormalShutdown[
GFX1-]: Receive IPC close with reason=AbnormalShutdown
[GFX1-]: Receive IPC close with reason=AbnormalShutdown
1528918272315	geckodriver	INFO	geckodriver 0.19.1
1528918272325	geckodriver	INFO	Listening on 127.0.0.1:42792
1528918272873	mozrunner::runner	INFO	Running command: "C:\\Program Files\\Mozilla Firefox\\firefox.exe" "-marionette" "-profile" "C:\\Users\\E032651\\AppData\\Local\\Temp\\rust_mozprofile.VHGJG9slvXkB"
Unable to read VR Path Registry from C:\Users\E032651\AppData\Local\openvr\openvrpaths.vrpath
1528918273966	Marionette	INFO	Enabled via --marionette
Unable to read VR Path Registry from C:\Users\E032651\AppData\Local\openvr\openvrpaths.vrpath
Unable to read VR Path Registry from C:\Users\E032651\AppData\Local\openvr\openvrpaths.vrpath
Unable to read VR Path Registry from C:\Users\E032651\AppData\Local\openvr\openvrpaths.vrpath
1528918276318	Marionette	INFO	Listening on port 42799
Unable to read VR Path Registry from C:\Users\E032651\AppData\Local\openvr\openvrpaths.vrpath
1528918277130	Marionette	WARN	TLS certificate errors will be ignored for this session
[Child 4276, Chrome_ChildThread] WARNING: pipe error: 109: file z:/build/build/src/ipc/chromium/src/chrome/common/ipc_channel_win.cc, line 346
1528918391065	geckodriver	INFO	geckodriver 0.19.1
1528918391077	geckodriver	INFO	Listening on 127.0.0.1:42994
1528918391590	mozrunner::runner	INFO	Running command: "C:\\Program Files\\Mozilla Firefox\\firefox.exe" "-marionette" "-profile" "C:\\Users\\E032651\\AppData\\Local\\Temp\\rust_mozprofile.kwYM89AAYYi8"
Unable to read VR Path Registry from C:\Users\E032651\AppData\Local\openvr\openvrpaths.vrpath
1528918393176	Marionette	INFO	Enabled via --marionette
Unable to read VR Path Registry from C:\Users\E032651\AppData\Local\openvr\openvrpaths.vrpath
Unable to read VR Path Registry from C:\Users\E032651\AppData\Local\openvr\openvrpaths.vrpath
Unable to read VR Path Registry from C:\Users\E032651\AppData\Local\openvr\openvrpaths.vrpath
1528918396374	Marionette	INFO	Listening on port 43001
Unable to read VR Path Registry from C:\Users\E032651\AppData\Local\openvr\openvrpaths.vrpath
1528918396876	Marionette	WARN	TLS certificate errors will be ignored for this session
[Child 4424, Chrome_ChildThread] WARNING: pipe error: 109: file z:/build/build/src/ipc/chromium/src/chrome/common/ipc_channel_win.cc, line 346
1528918421179	geckodriver	INFO	geckodriver 0.19.1
1528918421191	geckodriver	INFO	Listening on 127.0.0.1:43073
1528918421724	mozrunner::runner	INFO	Running command: "C:\\Program Files\\Mozilla Firefox\\firefox.exe" "-marionette" "-profile" "C:\\Users\\E032651\\AppData\\Local\\Temp\\rust_mozprofile.j4LzD8Y45dUA"
Unable to read VR Path Registry from C:\Users\E032651\AppData\Local\openvr\openvrpaths.vrpath
1528918422968	Marionette	INFO	Enabled via --marionette
Unable to read VR Path Registry from C:\Users\E032651\AppData\Local\openvr\openvrpaths.vrpath
Unable to read VR Path Registry from C:\Users\E032651\AppData\Local\openvr\openvrpaths.vrpath
Unable to read VR Path Registry from C:\Users\E032651\AppData\Local\openvr\openvrpaths.vrpath
1528918425510	Marionette	INFO	Listening on port 43080
1528918425998	Marionette	WARN	TLS certificate errors will be ignored for this session
Unable to read VR Path Registry from C:\Users\E032651\AppData\Local\openvr\openvrpaths.vrpath
[GFX1-]: Receive IPC close with reason=AbnormalShutdown
1528918459228	geckodriver	INFO	geckodriver 0.19.1
1528918459242	geckodriver	INFO	Listening on 127.0.0.1:43165
1528918459755	mozrunner::runner	INFO	Running command: "C:\\Program Files\\Mozilla Firefox\\firefox.exe" "-marionette" "-profile" "C:\\Users\\E032651\\AppData\\Local\\Temp\\rust_mozprofile.ip8DOcTFLstu"
Unable to read VR Path Registry from C:\Users\E032651\AppData\Local\openvr\openvrpaths.vrpath
1528918461024	Marionette	INFO	Enabled via --marionette
Unable to read VR Path Registry from C:\Users\E032651\AppData\Local\openvr\openvrpaths.vrpath
Unable to read VR Path Registry from C:\Users\E032651\AppData\Local\openvr\openvrpaths.vrpath
Unable to read VR Path Registry from C:\Users\E032651\AppData\Local\openvr\openvrpaths.vrpath
1528918463548	Marionette	INFO	Listening on port 43172
Unable to read VR Path Registry from C:\Users\E032651\AppData\Local\openvr\openvrpaths.vrpath
1528918464024	Marionette	WARN	TLS certificate errors will be ignored for this session
1528918697436	geckodriver	INFO	geckodriver 0.19.1
1528918697443	geckodriver	INFO	Listening on 127.0.0.1:43537
1528918697943	mozrunner::runner	INFO	Running command: "C:\\Program Files\\Mozilla Firefox\\firefox.exe" "-marionette" "-profile" "C:\\Users\\E032651\\AppData\\Local\\Temp\\rust_mozprofile.8kLkclEtkr7I"
Unable to read VR Path Registry from C:\Users\E032651\AppData\Local\openvr\openvrpaths.vrpath
1528918698916	Marionette	INFO	Enabled via --marionette
Unable to read VR Path Registry from C:\Users\E032651\AppData\Local\openvr\openvrpaths.vrpath
Unable to read VR Path Registry from C:\Users\E032651\AppData\Local\openvr\openvrpaths.vrpath
Unable to read VR Path Registry from C:\Users\E032651\AppData\Local\openvr\openvrpaths.vrpath
1528918700788	Marionette	INFO	Listening on port 43542
Unable to read VR Path Registry from C:\Users\E032651\AppData\Local\openvr\openvrpaths.vrpath
1528918701100	Marionette	WARN	TLS certificate errors will be ignored for this session

###!!! [Child][MessageChannel] Error: (msgtype=0x2C00CB,name=PContent::Msg_GraphicsError) Channel closing: too late to send/recv, messages will be lost

[GFX1-]: Receive IPC close with reason=AbnormalShutdown
1528918872055	geckodriver	INFO	geckodriver 0.19.1
1528918872063	geckodriver	INFO	Listening on 127.0.0.1:43839
1528918872619	mozrunner::runner	INFO	Running command: "C:\\Program Files\\Mozilla Firefox\\firefox.exe" "-marionette" "-profile" "C:\\Users\\E032651\\AppData\\Local\\Temp\\rust_mozprofile.A3gg1UAL4SO3"
Unable to read VR Path Registry from C:\Users\E032651\AppData\Local\openvr\openvrpaths.vrpath
1528918873506	Marionette	INFO	Enabled via --marionette
Unable to read VR Path Registry from C:\Users\E032651\AppData\Local\openvr\openvrpaths.vrpath
Unable to read VR Path Registry from C:\Users\E032651\AppData\Local\openvr\openvrpaths.vrpath
Unable to read VR Path Registry from C:\Users\E032651\AppData\Local\openvr\openvrpaths.vrpath
1528918875476	Marionette	INFO	Listening on port 43844
Unable to read VR Path Registry from C:\Users\E032651\AppData\Local\openvr\openvrpaths.vrpath
1528918875770	Marionette	WARN	TLS certificate errors will be ignored for this session
[Parent 10436, Gecko_IOThread] WARNING: pipe error: 109: file z:/build/build/src/ipc/chromium/src/chrome/common/ipc_channel_win.cc, line 346
[Child 8312, Chrome_ChildThread] WARNING: pipe error: 109: file z:/build/build/src/ipc/chromium/src/chrome/common/ipc_channel_win.cc, line 346
1528919000403	geckodriver	INFO	geckodriver 0.19.1
1528919000411	geckodriver	INFO	Listening on 127.0.0.1:44067
1528919000946	mozrunner::runner	INFO	Running command: "C:\\Program Files\\Mozilla Firefox\\firefox.exe" "-marionette" "-profile" "C:\\Users\\E032651\\AppData\\Local\\Temp\\rust_mozprofile.bOY1dRE32pLU"
Unable to read VR Path Registry from C:\Users\E032651\AppData\Local\openvr\openvrpaths.vrpath
1528919001870	Marionette	INFO	Enabled via --marionette
Unable to read VR Path Registry from C:\Users\E032651\AppData\Local\openvr\openvrpaths.vrpath
Unable to read VR Path Registry from C:\Users\E032651\AppData\Local\openvr\openvrpaths.vrpath
Unable to read VR Path Registry from C:\Users\E032651\AppData\Local\openvr\openvrpaths.vrpath
1528919003634	Marionette	INFO	Listening on port 44072
Unable to read VR Path Registry from C:\Users\E032651\AppData\Local\openvr\openvrpaths.vrpath
1528919004090	Marionette	WARN	TLS certificate errors will be ignored for this session
1528919061115	geckodriver	INFO	geckodriver 0.19.1
1528919061144	geckodriver	INFO	Listening on 127.0.0.1:44203
1528919061701	mozrunner::runner	INFO	Running command: "C:\\Program Files\\Mozilla Firefox\\firefox.exe" "-marionette" "-profile" "C:\\Users\\E032651\\AppData\\Local\\Temp\\rust_mozprofile.UfSMZfQcYF6S"
Unable to read VR Path Registry from C:\Users\E032651\AppData\Local\openvr\openvrpaths.vrpath
1528919062624	Marionette	INFO	Enabled via --marionette
Unable to read VR Path Registry from C:\Users\E032651\AppData\Local\openvr\openvrpaths.vrpath
Unable to read VR Path Registry from C:\Users\E032651\AppData\Local\openvr\openvrpaths.vrpath
Unable to read VR Path Registry from C:\Users\E032651\AppData\Local\openvr\openvrpaths.vrpath
1528919064342	Marionette	INFO	Listening on port 44210
1528919064372	Marionette	WARN	TLS certificate errors will be ignored for this session
Unable to read VR Path Registry from C:\Users\E032651\AppData\Local\openvr\openvrpaths.vrpath
[Parent 10284, Gecko_IOThread] WARNING: pipe error: 109: file z:/build/build/src/ipc/chromium/src/chrome/common/ipc_channel_win.cc, line 346
[Child 21144, Chrome_ChildThread] WARNING: pipe error: 109: file z:/build/build/src/ipc/chromium/src/chrome/common/ipc_channel_win.cc, line 346
1528919488028	geckodriver	INFO	geckodriver 0.19.1
1528919488036	geckodriver	INFO	Listening on 127.0.0.1:44926
1528919488506	mozrunner::runner	INFO	Running command: "C:\\Program Files\\Mozilla Firefox\\firefox.exe" "-marionette" "-profile" "C:\\Users\\E032651\\AppData\\Local\\Temp\\rust_mozprofile.TVhHWABEOQiC"
Unable to read VR Path Registry from C:\Users\E032651\AppData\Local\openvr\openvrpaths.vrpath
1528919489518	Marionette	INFO	Enabled via --marionette
Unable to read VR Path Registry from C:\Users\E032651\AppData\Local\openvr\openvrpaths.vrpath
Unable to read VR Path Registry from C:\Users\E032651\AppData\Local\openvr\openvrpaths.vrpath
Unable to read VR Path Registry from C:\Users\E032651\AppData\Local\openvr\openvrpaths.vrpath
1528919491498	Marionette	INFO	Listening on port 44933
1528919491662	Marionette	WARN	TLS certificate errors will be ignored for this session
Unable to read VR Path Registry from C:\Users\E032651\AppData\Local\openvr\openvrpaths.vrpath
[Child 18476, Chrome_ChildThread] WARNING: pipe error: 109: file z:/build/build/src/ipc/chromium/src/chrome/common/ipc_channel_win.cc, line 346
1528919546532	geckodriver	INFO	geckodriver 0.19.1
1528919546539	geckodriver	INFO	Listening on 127.0.0.1:45044
1528919547050	mozrunner::runner	INFO	Running command: "C:\\Program Files\\Mozilla Firefox\\firefox.exe" "-marionette" "-profile" "C:\\Users\\E032651\\AppData\\Local\\Temp\\rust_mozprofile.SnM9G13IuwzF"
Unable to read VR Path Registry from C:\Users\E032651\AppData\Local\openvr\openvrpaths.vrpath
1528919547938	Marionette	INFO	Enabled via --marionette
Unable to read VR Path Registry from C:\Users\E032651\AppData\Local\openvr\openvrpaths.vrpath
Unable to read VR Path Registry from C:\Users\E032651\AppData\Local\openvr\openvrpaths.vrpath
Unable to read VR Path Registry from C:\Users\E032651\AppData\Local\openvr\openvrpaths.vrpath
1528919549924	Marionette	INFO	Listening on port 45051
Unable to read VR Path Registry from C:\Users\E032651\AppData\Local\openvr\openvrpaths.vrpath
1528919550204	Marionette	WARN	TLS certificate errors will be ignored for this session
[Child 2884, Chrome_ChildThread] WARNING: pipe error: 109: file z:/build/build/src/ipc/chromium/src/chrome/common/ipc_channel_win.cc, line 346
[GFX1-]: Receive IPC close with reason=AbnormalShutdown
1528919601623	geckodriver	INFO	geckodriver 0.19.1
1528919601635	geckodriver	INFO	Listening on 127.0.0.1:45158
1528919602143	mozrunner::runner	INFO	Running command: "C:\\Program Files\\Mozilla Firefox\\firefox.exe" "-marionette" "-profile" "C:\\Users\\E032651\\AppData\\Local\\Temp\\rust_mozprofile.f1mh0Rj42Rzv"
Unable to read VR Path Registry from C:\Users\E032651\AppData\Local\openvr\openvrpaths.vrpath
1528919603076	Marionette	INFO	Enabled via --marionette
Unable to read VR Path Registry from C:\Users\E032651\AppData\Local\openvr\openvrpaths.vrpath
Unable to read VR Path Registry from C:\Users\E032651\AppData\Local\openvr\openvrpaths.vrpath
Unable to read VR Path Registry from C:\Users\E032651\AppData\Local\openvr\openvrpaths.vrpath
1528919604968	Marionette	INFO	Listening on port 45163
Unable to read VR Path Registry from C:\Users\E032651\AppData\Local\openvr\openvrpaths.vrpath
1528919605288	Marionette	WARN	TLS certificate errors will be ignored for this session
[Child 12868, Chrome_ChildThread] WARNING: pipe error: 109: file z:/build/build/src/ipc/chromium/src/chrome/common/ipc_channel_win.cc, line 346
1528920738386	geckodriver	INFO	geckodriver 0.19.1
1528920738396	geckodriver	INFO	Listening on 127.0.0.1:46897
1528920738902	mozrunner::runner	INFO	Running command: "C:\\Program Files\\Mozilla Firefox\\firefox.exe" "-marionette" "-profile" "C:\\Users\\E032651\\AppData\\Local\\Temp\\rust_mozprofile.iSG5iu8mbLEy"
Unable to read VR Path Registry from C:\Users\E032651\AppData\Local\openvr\openvrpaths.vrpath
1528920739760	Marionette	INFO	Enabled via --marionette
Unable to read VR Path Registry from C:\Users\E032651\AppData\Local\openvr\openvrpaths.vrpath
Unable to read VR Path Registry from C:\Users\E032651\AppData\Local\openvr\openvrpaths.vrpath
Unable to read VR Path Registry from C:\Users\E032651\AppData\Local\openvr\openvrpaths.vrpath
1528920741624	Marionette	INFO	Listening on port 46902
Unable to read VR Path Registry from C:\Users\E032651\AppData\Local\openvr\openvrpaths.vrpath
1528920742590	Marionette	WARN	TLS certificate errors will be ignored for this session
1528920743010	addons.xpi	WARN	Exception running bootstrap method shutdown on activity-stream@mozilla.org: [Exception... "Component returned failure code: 0x80004005 (NS_ERROR_FAILURE) [nsIObserverService.removeObserver]"  nsresult: "0x80004005 (NS_ERROR_FAILURE)"  location: "JS frame :: resource://activity-stream/lib/SnippetsFeed.jsm :: uninit :: line 125"  data: no] Stack trace: uninit()@resource://activity-stream/lib/SnippetsFeed.jsm:125 < onAction()@resource://activity-stream/lib/SnippetsFeed.jsm:141 < _middleware/</<()@resource://activity-stream/lib/Store.jsm:51 < Store/this[method]()@resource://activity-stream/lib/Store.jsm:30 < uninit()@resource://activity-stream/lib/Store.jsm:153 < uninit()@resource://activity-stream/lib/ActivityStream.jsm:274 < uninit()@resource://gre/modules/addons/XPIProvider.jsm -> jar:file:///C:/Program%20Files/Mozilla%20Firefox/browser/features/activity-stream@mozilla.org.xpi!/bootstrap.js:80 < shutdown()@resource://gre/modules/addons/XPIProvider.jsm -> jar:file:///C:/Program%20Files/Mozilla%20Firefox/browser/features/activity-stream@mozilla.org.xpi!/bootstrap.js:196 < callBootstrapMethod()@resource://gre/modules/addons/XPIProvider.jsm:4419 < observe()@resource://gre/modules/addons/XPIProvider.jsm:2279 < GeckoDriver.prototype.quit()@driver.js:3270 < despatch()@server.js:557 < execute()@server.js:531 < onPacket/<()@server.js:506 < onPacket()@server.js:505 < _onJSONObjectReady/<()@transport.js:500
[Child 7972, Chrome_ChildThread] WARNING: pipe error: 109: file z:/build/build/src/ipc/chromium/src/chrome/common/ipc_channel_win.cc, line 346
[Child 4284, Chrome_ChildThread] WARNING: pipe error: 109: file z:/build/build/src/ipc/chromium/src/chrome/common/ipc_channel_win.cc, line 464
